-- The C compiler identification is GNU 13.3.0
-- The CXX compiler identification is GNU 13.3.0
-- Detecting C compiler ABI info
-- Detecting C compiler ABI info - done
-- Check for working C compiler: /usr/bin/cc - skipped
-- Detecting C compile features
-- Detecting C compile features - done
-- Detecting CXX compiler ABI info
-- Detecting CXX compiler ABI info - done
-- Check for working CXX compiler: /usr/bin/c++ - skipped
-- Detecting CXX compile features
-- Detecting CXX compile features - done
-- Found ament_cmake: 2.5.4 (/opt/ros/jazzy/share/ament_cmake/cmake)
-- Found Python3: /home/limile/anaconda3/envs/ros_yolo/bin/python3 (found version "3.12.11") found components: Interpreter 
-- Found builtin_interfaces: 2.0.2 (/opt/ros/jazzy/share/builtin_interfaces/cmake)
-- Found rosidl_generator_c: 4.6.5 (/opt/ros/jazzy/share/rosidl_generator_c/cmake)
-- Found rosidl_generator_cpp: 4.6.5 (/opt/ros/jazzy/share/rosidl_generator_cpp/cmake)
-- Using all available rosidl_typesupport_c: rosidl_typesupport_fastrtps_c;rosidl_typesupport_introspection_c
-- Using all available rosidl_typesupport_cpp: rosidl_typesupport_fastrtps_cpp;rosidl_typesupport_introspection_cpp
-- Found eigen3_cmake_module: 0.3.0 (/opt/ros/jazzy/share/eigen3_cmake_module/cmake)
-- Found Eigen3: TRUE (found version "3.4.0") 
-- Found geometry_msgs: 5.3.6 (/opt/ros/jazzy/share/geometry_msgs/cmake)
-- Found nav_msgs: 5.3.6 (/opt/ros/jazzy/share/nav_msgs/cmake)
-- Found geographic_msgs: 1.0.6 (/opt/ros/jazzy/share/geographic_msgs/cmake)
-- Found mavros_msgs: 2.10.1 (/home/limile/ros2_ws/install/mavros_msgs/share/mavros_msgs/cmake)
-- Found rclcpp: 28.1.10 (/opt/ros/jazzy/share/rclcpp/cmake)
-- Found rmw_implementation_cmake: 7.3.2 (/opt/ros/jazzy/share/rmw_implementation_cmake/cmake)
-- Found rmw_fastrtps_cpp: 8.4.2 (/opt/ros/jazzy/share/rmw_fastrtps_cpp/cmake)
-- Found OpenSSL: /usr/lib/x86_64-linux-gnu/libcrypto.so (found version "3.0.13")  
-- Found FastRTPS: /opt/ros/jazzy/include (Required is at least version "2.13") 
-- Using RMW implementation 'rmw_fastrtps_cpp' as default
-- Found rclpy: 7.1.4 (/opt/ros/jazzy/share/rclpy/cmake)
-- Found tf2_ros: 0.36.12 (/opt/ros/jazzy/share/tf2_ros/cmake)
-- Found trajectory_msgs: 5.3.6 (/opt/ros/jazzy/share/trajectory_msgs/cmake)
-- Found vision_msgs: 4.1.1 (/opt/ros/jazzy/share/vision_msgs/cmake)
-- Found visualization_msgs: 5.3.6 (/opt/ros/jazzy/share/visualization_msgs/cmake)
-- Found OpenCV: /home/limile/anaconda3/envs/ros_yolo (found version "4.10.0") 
-- Found cv_bridge: 4.1.0 (/opt/ros/jazzy/share/cv_bridge/cmake)
-- Found Curses: /usr/lib/x86_64-linux-gnu/libcurses.so  
-- PAL Statistics support enabled
-- Found ament_lint_auto: 0.17.2 (/opt/ros/jazzy/share/ament_lint_auto/cmake)
-- Added test 'copyright' to check source files copyright and LICENSE
-- Added test 'cppcheck' to perform static code analysis on C / C++ code
-- Configured cppcheck include dirs: /home/limile/dxy_apm_ws/src/px4_ros_com/include;/home/limile/dxy_apm_ws/src/px4_ros_com/src/offboard_control;$<BUILD_INTERFACE:/home/limile/dxy_apm_ws/src/px4_ros_com/include/px4_ros_com>
-- Configured cppcheck exclude dirs and/or files: 
-- Added test 'cpplint' to check C / C++ code against the Google style
-- Configured cpplint exclude dirs and/or files: 
-- Added test 'flake8' to check Python code syntax and style conventions
-- Configured 'flake8' exclude dirs and/or files: 
-- Added test 'lint_cmake' to check CMake code style
-- Added test 'pep257' to check Python code against some of the docstring style conventions in PEP 257
-- Added test 'uncrustify' to check C / C++ code style
-- Configured uncrustify additional arguments: 
-- Added test 'xmllint' to check XML markup files
-- Configuring done
-- Generating done
-- Build files have been written to: /home/limile/dxy_apm_ws/src/px4_ros_com/build/px4_ros_com
[  5%] [32mBuilding CXX object CMakeFiles/pose_subscriber.dir/src/listeners/pose_subscriber.cpp.o[0m
[ 10%] [32mBuilding CXX object CMakeFiles/frame_transforms.dir/src/lib/frame_transforms.cpp.o[0m
[ 25%] [32mBuilding CXX object CMakeFiles/offboard_control.dir/src/offboard_control/AC_WPNav.cpp.o[0m
[ 25%] [32mBuilding CXX object CMakeFiles/offboard_control.dir/src/offboard_control/FuzzyPID.cpp.o[0m
[ 25%] [32mBuilding CXX object CMakeFiles/offboard_control.dir/src/offboard_control/AutoTune.cpp.o[0m
[ 30%] [32mBuilding CXX object CMakeFiles/offboard_control.dir/src/offboard_control/Motors.cpp.o[0m
[ 35%] [32mBuilding CXX object CMakeFiles/offboard_control.dir/src/offboard_control/InertialNav.cpp.o[0m
[ 40%] [32mBuilding CXX object CMakeFiles/offboard_control.dir/src/offboard_control/OffboardControl.cpp.o[0m
[ 45%] [32mBuilding CXX object CMakeFiles/offboard_control.dir/src/offboard_control/PosControl.cpp.o[0m
[ 50%] [32mBuilding CXX object CMakeFiles/offboard_control.dir/src/offboard_control/OffboardControl_Base.cpp.o[0m
[ 60%] [32mBuilding CXX object CMakeFiles/offboard_control.dir/src/offboard_control/PID.cpp.o[0m
[ 60%] [32mBuilding CXX object CMakeFiles/offboard_control.dir/src/offboard_control/SCurve.cpp.o[0m
[ 65%] [32mBuilding CXX object CMakeFiles/offboard_control.dir/src/offboard_control/TrajectoryGenerator.cpp.o[0m
[ 70%] [32mBuilding CXX object CMakeFiles/offboard_control.dir/src/offboard_control/clustering.cpp.o[0m
[ 75%] [32mBuilding CXX object CMakeFiles/offboard_control.dir/src/offboard_control/StateMachine.cpp.o[0m
[ 85%] [32mBuilding CXX object CMakeFiles/offboard_control.dir/src/offboard_control/main.cpp.o[0m
[ 85%] [32mBuilding CXX object CMakeFiles/offboard_control.dir/src/offboard_control/math.cpp.o[0m
