[0.033s] Invoking command in '/home/limile/dxy_apm_ws/src/px4_ros_com/build/px4_ros_com': CMAKE_PREFIX_PATH=${CMAKE_PREFIX_PATH}:/opt/ros/jazzy CONDA_PROMPT_MODIFIER=(ros_yolo) DEBUGINFOD_URLS=https://debuginfod.ubuntu.com /home/limile/anaconda3/envs/ros_yolo/bin/cmake /home/limile/dxy_apm_ws/src/px4_ros_com -DCMAKE_INSTALL_PREFIX=/home/limile/dxy_apm_ws/src/px4_ros_com/install/px4_ros_com
[0.206s] -- The C compiler identification is GNU 13.3.0
[0.273s] -- The CXX compiler identification is GNU 13.3.0
[0.299s] -- Detecting C compiler ABI info
[0.373s] -- Detecting C compiler ABI info - done
[0.380s] -- Check for working C compiler: /usr/bin/cc - skipped
[0.381s] -- Detecting C compile features
[0.383s] -- Detecting C compile features - done
[0.390s] -- Detecting CXX compiler ABI info
[0.460s] -- Detecting CXX compiler ABI info - done
[0.467s] -- Check for working CXX compiler: /usr/bin/c++ - skipped
[0.467s] -- Detecting CXX compile features
[0.467s] -- Detecting CXX compile features - done
[0.498s] -- Found ament_cmake: 2.5.4 (/opt/ros/jazzy/share/ament_cmake/cmake)
[0.748s] -- Found Python3: /home/limile/anaconda3/envs/ros_yolo/bin/python3 (found version "3.12.11") found components: Interpreter 
[0.841s] -- Found builtin_interfaces: 2.0.2 (/opt/ros/jazzy/share/builtin_interfaces/cmake)
[0.883s] -- Found rosidl_generator_c: 4.6.5 (/opt/ros/jazzy/share/rosidl_generator_c/cmake)
[0.897s] -- Found rosidl_generator_cpp: 4.6.5 (/opt/ros/jazzy/share/rosidl_generator_cpp/cmake)
[0.913s] -- Using all available rosidl_typesupport_c: rosidl_typesupport_fastrtps_c;rosidl_typesupport_introspection_c
[0.929s] -- Using all available rosidl_typesupport_cpp: rosidl_typesupport_fastrtps_cpp;rosidl_typesupport_introspection_cpp
[0.944s] -- Found eigen3_cmake_module: 0.3.0 (/opt/ros/jazzy/share/eigen3_cmake_module/cmake)
[0.952s] -- Found Eigen3: TRUE (found version "3.4.0") 
[0.955s] -- Found geometry_msgs: 5.3.6 (/opt/ros/jazzy/share/geometry_msgs/cmake)
[0.982s] -- Found nav_msgs: 5.3.6 (/opt/ros/jazzy/share/nav_msgs/cmake)
[1.007s] -- Found geographic_msgs: 1.0.6 (/opt/ros/jazzy/share/geographic_msgs/cmake)
[1.033s] -- Found mavros_msgs: 2.10.1 (/home/limile/ros2_ws/install/mavros_msgs/share/mavros_msgs/cmake)
[1.107s] -- Found rclcpp: 28.1.10 (/opt/ros/jazzy/share/rclcpp/cmake)
[1.132s] -- Found rmw_implementation_cmake: 7.3.2 (/opt/ros/jazzy/share/rmw_implementation_cmake/cmake)
[1.136s] -- Found rmw_fastrtps_cpp: 8.4.2 (/opt/ros/jazzy/share/rmw_fastrtps_cpp/cmake)
[1.221s] -- Found OpenSSL: /usr/lib/x86_64-linux-gnu/libcrypto.so (found version "3.0.13")  
[1.235s] -- Found FastRTPS: /opt/ros/jazzy/include (Required is at least version "2.13") 
[1.252s] -- Using RMW implementation 'rmw_fastrtps_cpp' as default
[1.304s] -- Found rclpy: 7.1.4 (/opt/ros/jazzy/share/rclpy/cmake)
[1.307s] -- Found tf2_ros: 0.36.12 (/opt/ros/jazzy/share/tf2_ros/cmake)
[1.397s] -- Found trajectory_msgs: 5.3.6 (/opt/ros/jazzy/share/trajectory_msgs/cmake)
[1.410s] -- Found vision_msgs: 4.1.1 (/opt/ros/jazzy/share/vision_msgs/cmake)
[1.424s] -- Found visualization_msgs: 5.3.6 (/opt/ros/jazzy/share/visualization_msgs/cmake)
[1.448s] -- Found OpenCV: /home/limile/anaconda3/envs/ros_yolo (found version "4.10.0") 
[1.452s] -- Found cv_bridge: 4.1.0 (/opt/ros/jazzy/share/cv_bridge/cmake)
[1.507s] -- Found Curses: /usr/lib/x86_64-linux-gnu/libcurses.so  
[1.524s] -- PAL Statistics support enabled
[1.532s] -- Found ament_lint_auto: 0.17.2 (/opt/ros/jazzy/share/ament_lint_auto/cmake)
[1.622s] -- Added test 'copyright' to check source files copyright and LICENSE
[1.629s] -- Added test 'cppcheck' to perform static code analysis on C / C++ code
[1.629s] -- Configured cppcheck include dirs: /home/limile/dxy_apm_ws/src/px4_ros_com/include;/home/limile/dxy_apm_ws/src/px4_ros_com/src/offboard_control;$<BUILD_INTERFACE:/home/limile/dxy_apm_ws/src/px4_ros_com/include/px4_ros_com>
[1.629s] -- Configured cppcheck exclude dirs and/or files: 
[1.636s] -- Added test 'cpplint' to check C / C++ code against the Google style
[1.636s] -- Configured cpplint exclude dirs and/or files: 
[1.637s] -- Added test 'flake8' to check Python code syntax and style conventions
[1.637s] -- Configured 'flake8' exclude dirs and/or files: 
[1.639s] -- Added test 'lint_cmake' to check CMake code style
[1.640s] -- Added test 'pep257' to check Python code against some of the docstring style conventions in PEP 257
[1.647s] -- Added test 'uncrustify' to check C / C++ code style
[1.647s] -- Configured uncrustify additional arguments: 
[1.648s] -- Added test 'xmllint' to check XML markup files
[1.650s] -- Configuring done
[1.670s] -- Generating done
[1.675s] -- Build files have been written to: /home/limile/dxy_apm_ws/src/px4_ros_com/build/px4_ros_com
[1.688s] Invoked command in '/home/limile/dxy_apm_ws/src/px4_ros_com/build/px4_ros_com' returned '0': CMAKE_PREFIX_PATH=${CMAKE_PREFIX_PATH}:/opt/ros/jazzy CONDA_PROMPT_MODIFIER=(ros_yolo) DEBUGINFOD_URLS=https://debuginfod.ubuntu.com /home/limile/anaconda3/envs/ros_yolo/bin/cmake /home/limile/dxy_apm_ws/src/px4_ros_com -DCMAKE_INSTALL_PREFIX=/home/limile/dxy_apm_ws/src/px4_ros_com/install/px4_ros_com
[1.689s] Invoking command in '/home/limile/dxy_apm_ws/src/px4_ros_com/build/px4_ros_com': CMAKE_PREFIX_PATH=${CMAKE_PREFIX_PATH}:/opt/ros/jazzy CONDA_PROMPT_MODIFIER=(ros_yolo) DEBUGINFOD_URLS=https://debuginfod.ubuntu.com /home/limile/anaconda3/envs/ros_yolo/bin/cmake --build /home/limile/dxy_apm_ws/src/px4_ros_com/build/px4_ros_com -- -j32 -l32
[1.719s] [  5%] [32mBuilding CXX object CMakeFiles/pose_subscriber.dir/src/listeners/pose_subscriber.cpp.o[0m
[1.720s] [ 10%] [32mBuilding CXX object CMakeFiles/frame_transforms.dir/src/lib/frame_transforms.cpp.o[0m
[1.720s] [ 25%] [32mBuilding CXX object CMakeFiles/offboard_control.dir/src/offboard_control/AC_WPNav.cpp.o[0m
[1.720s] [ 25%] [32mBuilding CXX object CMakeFiles/offboard_control.dir/src/offboard_control/FuzzyPID.cpp.o[0m
[1.720s] [ 25%] [32mBuilding CXX object CMakeFiles/offboard_control.dir/src/offboard_control/AutoTune.cpp.o[0m
[1.720s] [ 30%] [32mBuilding CXX object CMakeFiles/offboard_control.dir/src/offboard_control/Motors.cpp.o[0m
[1.720s] [ 35%] [32mBuilding CXX object CMakeFiles/offboard_control.dir/src/offboard_control/InertialNav.cpp.o[0m
[1.721s] [ 40%] [32mBuilding CXX object CMakeFiles/offboard_control.dir/src/offboard_control/OffboardControl.cpp.o[0m
[1.721s] [ 45%] [32mBuilding CXX object CMakeFiles/offboard_control.dir/src/offboard_control/PosControl.cpp.o[0m
[1.721s] [ 50%] [32mBuilding CXX object CMakeFiles/offboard_control.dir/src/offboard_control/OffboardControl_Base.cpp.o[0m
[1.721s] [ 60%] [32mBuilding CXX object CMakeFiles/offboard_control.dir/src/offboard_control/PID.cpp.o[0m
[1.722s] [ 60%] [32mBuilding CXX object CMakeFiles/offboard_control.dir/src/offboard_control/SCurve.cpp.o[0m
[1.722s] [ 65%] [32mBuilding CXX object CMakeFiles/offboard_control.dir/src/offboard_control/TrajectoryGenerator.cpp.o[0m
[1.722s] [ 70%] [32mBuilding CXX object CMakeFiles/offboard_control.dir/src/offboard_control/clustering.cpp.o[0m
[1.722s] [ 75%] [32mBuilding CXX object CMakeFiles/offboard_control.dir/src/offboard_control/StateMachine.cpp.o[0m
[1.722s] [ 85%] [32mBuilding CXX object CMakeFiles/offboard_control.dir/src/offboard_control/main.cpp.o[0m
[1.723s] [ 85%] [32mBuilding CXX object CMakeFiles/offboard_control.dir/src/offboard_control/math.cpp.o[0m
[2.030s] [01m[K/home/limile/dxy_apm_ws/src/px4_ros_com/src/offboard_control/FuzzyPID.cpp:[m[K In member function ‘[01m[Kvoid FuzzyPID::[01;32m[Kmoc[m[K(const float*, const unsigned int*, const unsigned int*)[m[K’:
[2.030s] [01m[K/home/limile/dxy_apm_ws/src/px4_ros_com/src/offboard_control/FuzzyPID.cpp:292:11:[m[K [01;35m[Kwarning: [m[KISO C++ forbids variable length array ‘[01m[Knumerator_count[m[K’ [[01;35m[K]8;;https://gcc.gnu.org/onlinedocs/gcc/Warning-Options.html#index-Wvla-Wvla]8;;[m[K]
[2.030s]   292 |     float [01;35m[Knumerator_count[m[K[fuzzy_output_num];
[2.030s]       |           [01;35m[K^~~~~~~~~~~~~~~[m[K
[2.030s] [01m[K/home/limile/dxy_apm_ws/src/px4_ros_com/src/offboard_control/FuzzyPID.cpp:[m[K In member function ‘[01m[Kvoid FuzzyPID::[01;32m[Kfuzzy_control[m[K(float, float)[m[K’:
[2.030s] [01m[K/home/limile/dxy_apm_ws/src/px4_ros_com/src/offboard_control/FuzzyPID.cpp:415:11:[m[K [01;35m[Kwarning: [m[KISO C++ forbids variable length array ‘[01m[Kjoint_membership[m[K’ [[01;35m[K]8;;https://gcc.gnu.org/onlinedocs/gcc/Warning-Options.html#index-Wvla-Wvla]8;;[m[K]
[2.030s]   415 |     float [01;35m[Kjoint_membership[m[K[count[0] * count[1]];
[2.030s]       |           [01;35m[K^~~~~~~~~~~~~~~~[m[K
[6.664s] gmake[2]: *** [CMakeFiles/offboard_control.dir/build.make:244: CMakeFiles/offboard_control.dir/src/offboard_control/clustering.cpp.o] Interrupt
[6.665s] gmake[2]: *** [CMakeFiles/offboard_control.dir/build.make:118: CMakeFiles/offboard_control.dir/src/offboard_control/InertialNav.cpp.o] Interrupt
[6.665s] gmake[2]: *** [CMakeFiles/offboard_control.dir/build.make:132: CMakeFiles/offboard_control.dir/src/offboard_control/Motors.cpp.o] Interrupt
[6.665s] gmake[2]: *** [CMakeFiles/frame_transforms.dir/build.make:76: CMakeFiles/frame_transforms.dir/src/lib/frame_transforms.cpp.o] Interrupt
[6.665s] gmake[2]: *** [CMakeFiles/offboard_control.dir/build.make:146: CMakeFiles/offboard_control.dir/src/offboard_control/OffboardControl.cpp.o] Interrupt
[6.665s] gmake[2]: *** [CMakeFiles/offboard_control.dir/build.make:216: CMakeFiles/offboard_control.dir/src/offboard_control/StateMachine.cpp.o] Interrupt
[6.665s] gmake[2]: *** [CMakeFiles/offboard_control.dir/build.make:258: CMakeFiles/offboard_control.dir/src/offboard_control/main.cpp.o] Interrupt
[6.665s] gmake[2]: *** [CMakeFiles/offboard_control.dir/build.make:188: CMakeFiles/offboard_control.dir/src/offboard_control/PosControl.cpp.o] Interrupt
[6.665s] gmake[1]: *** [CMakeFiles/Makefile2:141: CMakeFiles/frame_transforms.dir/all] Interrupt
[6.666s] gmake[1]: *** [CMakeFiles/Makefile2:115: CMakeFiles/offboard_control.dir/all] Interrupt
[6.666s] gmake[2]: *** [CMakeFiles/pose_subscriber.dir/build.make:76: CMakeFiles/pose_subscriber.dir/src/listeners/pose_subscriber.cpp.o] Interrupt
[6.666s] gmake[1]: *** [CMakeFiles/Makefile2:89: CMakeFiles/pose_subscriber.dir/all] Interrupt
[6.667s] gmake: *** [Makefile:146: all] Interrupt
[6.756s] Invoked command in '/home/limile/dxy_apm_ws/src/px4_ros_com/build/px4_ros_com' returned '-2': CMAKE_PREFIX_PATH=${CMAKE_PREFIX_PATH}:/opt/ros/jazzy CONDA_PROMPT_MODIFIER=(ros_yolo) DEBUGINFOD_URLS=https://debuginfod.ubuntu.com /home/limile/anaconda3/envs/ros_yolo/bin/cmake --build /home/limile/dxy_apm_ws/src/px4_ros_com/build/px4_ros_com -- -j32 -l32
