gmake[2]: *** [CMakeFiles/offboard_control.dir/build.make:160: CMakeFiles/offboard_control.dir/src/offboard_control/APMROS2drone/state/DoshotState.cpp.o] Interrupt
gmake[2]: *** [CMakeFiles/offboard_control.dir/build.make:174: CMakeFiles/offboard_control.dir/src/offboard_control/APMROS2drone/state/EndState.cpp.o] Interrupt
gmake[2]: *** [CMakeFiles/offboard_control.dir/build.make:188: CMakeFiles/offboard_control.dir/src/offboard_control/APMROS2drone/state/GotoScoutPointState.cpp.o] Interrupt
gmake[2]: *** [CMakeFiles/offboard_control.dir/build.make:216: CMakeFiles/offboard_control.dir/src/offboard_control/APMROS2drone/state/InitState.cpp.o] Interrupt
gmake[2]: *** [CMakeFiles/offboard_control.dir/build.make:230: CMakeFiles/offboard_control.dir/src/offboard_control/APMROS2drone/state/ReflushConfigState.cpp.o] Interrupt
gmake[2]: *** [CMakeFiles/offboard_control.dir/build.make:244: CMakeFiles/offboard_control.dir/src/offboard_control/APMROS2drone/state/StopState.cpp.o] Interrupt
gmake[2]: *** [CMakeFiles/offboard_control.dir/build.make:258: CMakeFiles/offboard_control.dir/src/offboard_control/APMROS2drone/state/SurroundSeeState.cpp.o] Interrupt
gmake[2]: *** [CMakeFiles/offboard_control.dir/build.make:286: CMakeFiles/offboard_control.dir/src/offboard_control/APMROS2drone/state/TerminalControlState.cpp.o] Interrupt
gmake[2]: *** [CMakeFiles/offboard_control.dir/build.make:300: CMakeFiles/offboard_control.dir/src/offboard_control/APMROS2drone/task/AppochTargetTask.cpp.o] Interrupt
gmake[2]: *** [CMakeFiles/offboard_control.dir/build.make:328: CMakeFiles/offboard_control.dir/src/offboard_control/APMROS2drone/task/DoShotTask.cpp.o] Interrupt
gmake[2]: *** [CMakeFiles/offboard_control.dir/build.make:454: CMakeFiles/offboard_control.dir/src/offboard_control/drone/state/State.cpp.o] Interrupt
gmake[2]: *** [CMakeFiles/offboard_control.dir/build.make:496: CMakeFiles/offboard_control.dir/src/offboard_control/drone/task/SetPointTask.cpp.o] Interrupt
gmake[2]: *** [CMakeFiles/offboard_control.dir/build.make:510: CMakeFiles/offboard_control.dir/src/offboard_control/drone/task/WayPointTask.cpp.o] Interrupt
gmake[2]: *** [CMakeFiles/offboard_control.dir/build.make:524: CMakeFiles/offboard_control.dir/src/offboard_control/main.cpp.o] Interrupt
gmake[2]: *** [CMakeFiles/offboard_control.dir/build.make:552: CMakeFiles/offboard_control.dir/src/offboard_control/stateMachine/State.cpp.o] Interrupt
gmake[2]: *** [CMakeFiles/offboard_control.dir/build.make:566: CMakeFiles/offboard_control.dir/src/offboard_control/stateMachine/StateMachine.cpp.o] Interrupt
gmake[2]: *** [CMakeFiles/offboard_control.dir/build.make:594: CMakeFiles/offboard_control.dir/src/offboard_control/task/Task.cpp.o] Interrupt
gmake[2]: *** [CMakeFiles/offboard_control.dir/build.make:146: CMakeFiles/offboard_control.dir/src/offboard_control/APMROS2drone/state/DolandState.cpp.o] Interrupt
gmake[2]: *** [CMakeFiles/offboard_control.dir/build.make:202: CMakeFiles/offboard_control.dir/src/offboard_control/APMROS2drone/state/GotoShotPointState.cpp.o] Interrupt
gmake[2]: *** [CMakeFiles/offboard_control.dir/build.make:314: CMakeFiles/offboard_control.dir/src/offboard_control/APMROS2drone/task/DoLandTask.cpp.o] Interrupt
gmake[2]: *** [CMakeFiles/offboard_control.dir/build.make:440: CMakeFiles/offboard_control.dir/src/offboard_control/drone/state/InitState.cpp.o] Interrupt
gmake[2]: *** [CMakeFiles/offboard_control.dir/build.make:482: CMakeFiles/offboard_control.dir/src/offboard_control/drone/task/RTLLandTask.cpp.o] Interrupt
gmake[2]: *** [CMakeFiles/offboard_control.dir/build.make:468: CMakeFiles/offboard_control.dir/src/offboard_control/drone/task/PrintInfoTask.cpp.o] Interrupt
gmake[2]: *** [CMakeFiles/offboard_control.dir/build.make:580: CMakeFiles/offboard_control.dir/src/offboard_control/task/BlankTask.cpp.o] Interrupt
gmake[2]: *** [CMakeFiles/offboard_control.dir/build.make:76: CMakeFiles/offboard_control.dir/src/offboard_control/APMROS2drone/APMROS2Drone.cpp.o] Interrupt
gmake[2]: *** [CMakeFiles/offboard_control.dir/build.make:272: CMakeFiles/offboard_control.dir/src/offboard_control/APMROS2drone/state/TakeoffState.cpp.o] Interrupt
gmake[2]: *** [CMakeFiles/offboard_control.dir/build.make:538: CMakeFiles/offboard_control.dir/src/offboard_control/module/YOLODetector.cpp.o] Interrupt
gmake[1]: *** [CMakeFiles/Makefile2:213: CMakeFiles/offboard_control.dir/all] Interrupt
gmake: *** [Makefile:146: all] Interrupt
