[  3%] Built target gtest
[  7%] Built target gtest_main
[ 11%] Built target frame_transforms
[ 15%] Built target pose_subscriber
[ 19%] Built target px4_ros_com_tutorial_test
[ 21%] Building CXX object CMakeFiles/offboard_control.dir/src/offboard_control/APMROS2drone/APMROS2Drone.cpp.o
[ 23%] Building CXX object CMakeFiles/offboard_control.dir/src/offboard_control/APMROS2drone/state/DolandState.cpp.o
[ 25%] Building CXX object CMakeFiles/offboard_control.dir/src/offboard_control/APMROS2drone/state/DoshotState.cpp.o
[ 26%] Building CXX object CMakeFiles/offboard_control.dir/src/offboard_control/APMROS2drone/state/EndState.cpp.o
[ 28%] Building CXX object CMakeFiles/offboard_control.dir/src/offboard_control/APMROS2drone/state/GotoScoutPointState.cpp.o
[ 30%] Building CXX object CMakeFiles/offboard_control.dir/src/offboard_control/APMROS2drone/state/GotoShotPointState.cpp.o
[ 32%] Building CXX object CMakeFiles/offboard_control.dir/src/offboard_control/APMROS2drone/state/InitState.cpp.o
[ 34%] Building CXX object CMakeFiles/offboard_control.dir/src/offboard_control/APMROS2drone/state/ReflushConfigState.cpp.o
[ 36%] Building CXX object CMakeFiles/offboard_control.dir/src/offboard_control/APMROS2drone/state/StopState.cpp.o
[ 38%] Building CXX object CMakeFiles/offboard_control.dir/src/offboard_control/APMROS2drone/state/SurroundSeeState.cpp.o
[ 40%] Building CXX object CMakeFiles/offboard_control.dir/src/offboard_control/APMROS2drone/state/TakeoffState.cpp.o
[ 42%] Building CXX object CMakeFiles/offboard_control.dir/src/offboard_control/APMROS2drone/state/TerminalControlState.cpp.o
[ 44%] Building CXX object CMakeFiles/offboard_control.dir/src/offboard_control/APMROS2drone/task/AppochTargetTask.cpp.o
[ 46%] Building CXX object CMakeFiles/offboard_control.dir/src/offboard_control/APMROS2drone/task/DoLandTask.cpp.o
[ 48%] Building CXX object CMakeFiles/offboard_control.dir/src/offboard_control/APMROS2drone/task/DoShotTask.cpp.o
[ 50%] Building CXX object CMakeFiles/offboard_control.dir/src/offboard_control/drone/state/InitState.cpp.o
[ 51%] Building CXX object CMakeFiles/offboard_control.dir/src/offboard_control/drone/state/State.cpp.o
[ 53%] Building CXX object CMakeFiles/offboard_control.dir/src/offboard_control/drone/task/PrintInfoTask.cpp.o
[ 57%] Building CXX object CMakeFiles/offboard_control.dir/src/offboard_control/drone/task/RTLLandTask.cpp.o
[ 57%] Building CXX object CMakeFiles/offboard_control.dir/src/offboard_control/drone/task/SetPointTask.cpp.o
[ 59%] Building CXX object CMakeFiles/offboard_control.dir/src/offboard_control/drone/task/WayPointTask.cpp.o
[ 61%] Building CXX object CMakeFiles/offboard_control.dir/src/offboard_control/main.cpp.o
[ 63%] Building CXX object CMakeFiles/offboard_control.dir/src/offboard_control/module/YOLODetector.cpp.o
[ 65%] Building CXX object CMakeFiles/offboard_control.dir/src/offboard_control/stateMachine/State.cpp.o
[ 67%] Building CXX object CMakeFiles/offboard_control.dir/src/offboard_control/stateMachine/StateMachine.cpp.o
[ 69%] Building CXX object CMakeFiles/offboard_control.dir/src/offboard_control/task/Task.cpp.o
[ 71%] Building CXX object CMakeFiles/offboard_control.dir/src/offboard_control/task/BlankTask.cpp.o
gmake[2]: *** [CMakeFiles/offboard_control.dir/build.make:160: CMakeFiles/offboard_control.dir/src/offboard_control/APMROS2drone/state/DoshotState.cpp.o] Interrupt
gmake[2]: *** [CMakeFiles/offboard_control.dir/build.make:174: CMakeFiles/offboard_control.dir/src/offboard_control/APMROS2drone/state/EndState.cpp.o] Interrupt
gmake[2]: *** [CMakeFiles/offboard_control.dir/build.make:188: CMakeFiles/offboard_control.dir/src/offboard_control/APMROS2drone/state/GotoScoutPointState.cpp.o] Interrupt
gmake[2]: *** [CMakeFiles/offboard_control.dir/build.make:216: CMakeFiles/offboard_control.dir/src/offboard_control/APMROS2drone/state/InitState.cpp.o] Interrupt
gmake[2]: *** [CMakeFiles/offboard_control.dir/build.make:230: CMakeFiles/offboard_control.dir/src/offboard_control/APMROS2drone/state/ReflushConfigState.cpp.o] Interrupt
gmake[2]: *** [CMakeFiles/offboard_control.dir/build.make:244: CMakeFiles/offboard_control.dir/src/offboard_control/APMROS2drone/state/StopState.cpp.o] Interrupt
gmake[2]: *** [CMakeFiles/offboard_control.dir/build.make:258: CMakeFiles/offboard_control.dir/src/offboard_control/APMROS2drone/state/SurroundSeeState.cpp.o] Interrupt
gmake[2]: *** [CMakeFiles/offboard_control.dir/build.make:286: CMakeFiles/offboard_control.dir/src/offboard_control/APMROS2drone/state/TerminalControlState.cpp.o] Interrupt
gmake[2]: *** [CMakeFiles/offboard_control.dir/build.make:300: CMakeFiles/offboard_control.dir/src/offboard_control/APMROS2drone/task/AppochTargetTask.cpp.o] Interrupt
gmake[2]: *** [CMakeFiles/offboard_control.dir/build.make:328: CMakeFiles/offboard_control.dir/src/offboard_control/APMROS2drone/task/DoShotTask.cpp.o] Interrupt
gmake[2]: *** [CMakeFiles/offboard_control.dir/build.make:454: CMakeFiles/offboard_control.dir/src/offboard_control/drone/state/State.cpp.o] Interrupt
gmake[2]: *** [CMakeFiles/offboard_control.dir/build.make:496: CMakeFiles/offboard_control.dir/src/offboard_control/drone/task/SetPointTask.cpp.o] Interrupt
gmake[2]: *** [CMakeFiles/offboard_control.dir/build.make:510: CMakeFiles/offboard_control.dir/src/offboard_control/drone/task/WayPointTask.cpp.o] Interrupt
gmake[2]: *** [CMakeFiles/offboard_control.dir/build.make:524: CMakeFiles/offboard_control.dir/src/offboard_control/main.cpp.o] Interrupt
gmake[2]: *** [CMakeFiles/offboard_control.dir/build.make:552: CMakeFiles/offboard_control.dir/src/offboard_control/stateMachine/State.cpp.o] Interrupt
gmake[2]: *** [CMakeFiles/offboard_control.dir/build.make:566: CMakeFiles/offboard_control.dir/src/offboard_control/stateMachine/StateMachine.cpp.o] Interrupt
gmake[2]: *** [CMakeFiles/offboard_control.dir/build.make:594: CMakeFiles/offboard_control.dir/src/offboard_control/task/Task.cpp.o] Interrupt
gmake[2]: *** [CMakeFiles/offboard_control.dir/build.make:146: CMakeFiles/offboard_control.dir/src/offboard_control/APMROS2drone/state/DolandState.cpp.o] Interrupt
gmake[2]: *** [CMakeFiles/offboard_control.dir/build.make:202: CMakeFiles/offboard_control.dir/src/offboard_control/APMROS2drone/state/GotoShotPointState.cpp.o] Interrupt
gmake[2]: *** [CMakeFiles/offboard_control.dir/build.make:314: CMakeFiles/offboard_control.dir/src/offboard_control/APMROS2drone/task/DoLandTask.cpp.o] Interrupt
gmake[2]: *** [CMakeFiles/offboard_control.dir/build.make:440: CMakeFiles/offboard_control.dir/src/offboard_control/drone/state/InitState.cpp.o] Interrupt
gmake[2]: *** [CMakeFiles/offboard_control.dir/build.make:482: CMakeFiles/offboard_control.dir/src/offboard_control/drone/task/RTLLandTask.cpp.o] Interrupt
gmake[2]: *** [CMakeFiles/offboard_control.dir/build.make:468: CMakeFiles/offboard_control.dir/src/offboard_control/drone/task/PrintInfoTask.cpp.o] Interrupt
gmake[2]: *** [CMakeFiles/offboard_control.dir/build.make:580: CMakeFiles/offboard_control.dir/src/offboard_control/task/BlankTask.cpp.o] Interrupt
gmake[2]: *** [CMakeFiles/offboard_control.dir/build.make:76: CMakeFiles/offboard_control.dir/src/offboard_control/APMROS2drone/APMROS2Drone.cpp.o] Interrupt
gmake[2]: *** [CMakeFiles/offboard_control.dir/build.make:272: CMakeFiles/offboard_control.dir/src/offboard_control/APMROS2drone/state/TakeoffState.cpp.o] Interrupt
gmake[2]: *** [CMakeFiles/offboard_control.dir/build.make:538: CMakeFiles/offboard_control.dir/src/offboard_control/module/YOLODetector.cpp.o] Interrupt
gmake[1]: *** [CMakeFiles/Makefile2:213: CMakeFiles/offboard_control.dir/all] Interrupt
gmake: *** [Makefile:146: all] Interrupt
