[0.565s] DEBUG:colcon:Command line arguments: ['/home/limile/anaconda3/envs/ros_yolo/bin/colcon', 'build']
[0.565s] DEBUG:colcon:Parsed command line arguments: Namespace(log_base=None, log_level=None, verb_name='build', build_base='build', install_base='install', merge_install=False, symlink_install=False, test_result_base=None, continue_on_error=False, executor='parallel', parallel_workers=32, event_handlers=None, ignore_user_meta=False, metas=['./colcon.meta'], base_paths=['.'], packages_ignore=None, packages_ignore_regex=None, paths=None, packages_up_to=None, packages_up_to_regex=None, packages_above=None, packages_above_and_dependencies=None, packages_above_depth=None, packages_select_by_dep=None, packages_skip_by_dep=None, packages_skip_up_to=None, packages_select_build_failed=False, packages_skip_build_finished=False, packages_select_test_failures=False, packages_skip_test_passed=False, packages_select=None, packages_skip=None, packages_select_regex=None, packages_skip_regex=None, packages_start=None, packages_end=None, cmake_args=None, cmake_target=None, cmake_target_skip_unavailable=False, cmake_clean_cache=False, cmake_clean_first=False, cmake_force_configure=False, ament_cmake_args=None, catkin_cmake_args=None, catkin_skip_building_tests=False, verb_parser=<colcon_defaults.argument_parser.defaults.DefaultArgumentsDecorator object at 0x7a7af836b6e0>, verb_extension=<colcon_core.verb.build.BuildVerb object at 0x7a7af836b620>, main=<bound method BuildVerb.main of <colcon_core.verb.build.BuildVerb object at 0x7a7af836b620>>)
[0.707s] Level 1:colcon.colcon_core.package_discovery:discover_packages(colcon_meta) check parameters
[0.707s] Level 1:colcon.colcon_core.package_discovery:discover_packages(recursive) check parameters
[0.707s] Level 1:colcon.colcon_core.package_discovery:discover_packages(ignore) check parameters
[0.707s] Level 1:colcon.colcon_core.package_discovery:discover_packages(path) check parameters
[0.707s] Level 1:colcon.colcon_core.package_discovery:discover_packages(colcon_meta) discover
[0.707s] Level 1:colcon.colcon_core.package_discovery:discover_packages(recursive) discover
[0.707s] INFO:colcon.colcon_core.package_discovery:Crawling recursively for packages in '/home/limile/dxy_apm_ws/src/px4_ros_com'
[0.707s] Level 1:colcon.colcon_core.package_identification:_identify(.) by extensions ['ignore', 'ignore_ament_install']
[0.707s] Level 1:colcon.colcon_core.package_identification:_identify(.) by extension 'ignore'
[0.707s] Level 1:colcon.colcon_core.package_identification:_identify(.) by extension 'ignore_ament_install'
[0.707s] Level 1:colcon.colcon_core.package_identification:_identify(.) by extensions ['colcon_pkg']
[0.707s] Level 1:colcon.colcon_core.package_identification:_identify(.) by extension 'colcon_pkg'
[0.707s] Level 1:colcon.colcon_core.package_identification:_identify(.) by extensions ['colcon_meta']
[0.707s] Level 1:colcon.colcon_core.package_identification:_identify(.) by extension 'colcon_meta'
[0.707s] Level 1:colcon.colcon_core.package_identification:_identify(.) by extensions ['ros']
[0.707s] Level 1:colcon.colcon_core.package_identification:_identify(.) by extension 'ros'
[0.771s] DEBUG:colcon.colcon_core.package_identification:Package '.' with type 'ros.ament_cmake' and name 'px4_ros_com'
[0.771s] Level 1:colcon.colcon_core.package_discovery:discover_packages(recursive) using defaults
[0.771s] Level 1:colcon.colcon_core.package_discovery:discover_packages(ignore) discover
[0.771s] Level 1:colcon.colcon_core.package_discovery:discover_packages(ignore) using defaults
[0.771s] Level 1:colcon.colcon_core.package_discovery:discover_packages(path) discover
[0.771s] Level 1:colcon.colcon_core.package_discovery:discover_packages(path) using defaults
[0.820s] Level 5:colcon.colcon_core.verb:set package 'px4_ros_com' build argument 'cmake_args' from command line to 'None'
[0.820s] Level 5:colcon.colcon_core.verb:set package 'px4_ros_com' build argument 'cmake_target' from command line to 'None'
[0.820s] Level 5:colcon.colcon_core.verb:set package 'px4_ros_com' build argument 'cmake_target_skip_unavailable' from command line to 'False'
[0.820s] Level 5:colcon.colcon_core.verb:set package 'px4_ros_com' build argument 'cmake_clean_cache' from command line to 'False'
[0.820s] Level 5:colcon.colcon_core.verb:set package 'px4_ros_com' build argument 'cmake_clean_first' from command line to 'False'
[0.820s] Level 5:colcon.colcon_core.verb:set package 'px4_ros_com' build argument 'cmake_force_configure' from command line to 'False'
[0.820s] Level 5:colcon.colcon_core.verb:set package 'px4_ros_com' build argument 'ament_cmake_args' from command line to 'None'
[0.820s] Level 5:colcon.colcon_core.verb:set package 'px4_ros_com' build argument 'catkin_cmake_args' from command line to 'None'
[0.820s] Level 5:colcon.colcon_core.verb:set package 'px4_ros_com' build argument 'catkin_skip_building_tests' from command line to 'False'
[0.820s] DEBUG:colcon.colcon_core.verb:Building package 'px4_ros_com' with the following arguments: {'ament_cmake_args': None, 'build_base': '/home/limile/dxy_apm_ws/src/px4_ros_com/build/px4_ros_com', 'catkin_cmake_args': None, 'catkin_skip_building_tests': False, 'cmake_args': None, 'cmake_clean_cache': False, 'cmake_clean_first': False, 'cmake_force_configure': False, 'cmake_target': None, 'cmake_target_skip_unavailable': False, 'install_base': '/home/limile/dxy_apm_ws/src/px4_ros_com/install/px4_ros_com', 'merge_install': False, 'path': '/home/limile/dxy_apm_ws/src/px4_ros_com', 'symlink_install': False, 'test_result_base': None}
[0.820s] INFO:colcon.colcon_core.executor:Executing jobs using 'parallel' executor
[0.821s] DEBUG:colcon.colcon_parallel_executor.executor.parallel:run_until_complete
[0.821s] INFO:colcon.colcon_ros.task.ament_cmake.build:Building ROS package in '/home/limile/dxy_apm_ws/src/px4_ros_com' with build type 'ament_cmake'
[0.821s] INFO:colcon.colcon_cmake.task.cmake.build:Building CMake package in '/home/limile/dxy_apm_ws/src/px4_ros_com'
[0.836s] INFO:colcon.colcon_core.plugin_system:Skipping extension 'colcon_core.shell.bat': Not used on non-Windows systems
[0.836s] INFO:colcon.colcon_core.shell:Skip shell extension 'powershell' for command environment: Not usable outside of PowerShell
[0.836s] DEBUG:colcon.colcon_core.shell:Skip shell extension 'dsv' for command environment
[0.854s] DEBUG:colcon.colcon_core.event_handler.log_command:Invoking command in '/home/limile/dxy_apm_ws/src/px4_ros_com/build/px4_ros_com': CMAKE_PREFIX_PATH=${CMAKE_PREFIX_PATH}:/opt/ros/jazzy CONDA_PROMPT_MODIFIER=(ros_yolo) DEBUGINFOD_URLS=https://debuginfod.ubuntu.com /home/limile/anaconda3/envs/ros_yolo/bin/cmake /home/limile/dxy_apm_ws/src/px4_ros_com -DCMAKE_INSTALL_PREFIX=/home/limile/dxy_apm_ws/src/px4_ros_com/install/px4_ros_com
[2.509s] DEBUG:colcon.colcon_core.event_handler.log_command:Invoked command in '/home/limile/dxy_apm_ws/src/px4_ros_com/build/px4_ros_com' returned '0': CMAKE_PREFIX_PATH=${CMAKE_PREFIX_PATH}:/opt/ros/jazzy CONDA_PROMPT_MODIFIER=(ros_yolo) DEBUGINFOD_URLS=https://debuginfod.ubuntu.com /home/limile/anaconda3/envs/ros_yolo/bin/cmake /home/limile/dxy_apm_ws/src/px4_ros_com -DCMAKE_INSTALL_PREFIX=/home/limile/dxy_apm_ws/src/px4_ros_com/install/px4_ros_com
[2.510s] DEBUG:colcon.colcon_core.event_handler.log_command:Invoking command in '/home/limile/dxy_apm_ws/src/px4_ros_com/build/px4_ros_com': CMAKE_PREFIX_PATH=${CMAKE_PREFIX_PATH}:/opt/ros/jazzy CONDA_PROMPT_MODIFIER=(ros_yolo) DEBUGINFOD_URLS=https://debuginfod.ubuntu.com /home/limile/anaconda3/envs/ros_yolo/bin/cmake --build /home/limile/dxy_apm_ws/src/px4_ros_com/build/px4_ros_com -- -j32 -l32
[7.485s] DEBUG:colcon.colcon_parallel_executor.executor.parallel:run_until_complete was interrupted
[7.485s] DEBUG:colcon.colcon_parallel_executor.executor.parallel:run_until_complete again
[7.578s] DEBUG:colcon.colcon_core.event_handler.log_command:Invoked command in '/home/limile/dxy_apm_ws/src/px4_ros_com/build/px4_ros_com' returned '-2': CMAKE_PREFIX_PATH=${CMAKE_PREFIX_PATH}:/opt/ros/jazzy CONDA_PROMPT_MODIFIER=(ros_yolo) DEBUGINFOD_URLS=https://debuginfod.ubuntu.com /home/limile/anaconda3/envs/ros_yolo/bin/cmake --build /home/limile/dxy_apm_ws/src/px4_ros_com/build/px4_ros_com -- -j32 -l32
[7.578s] Level 1:colcon.colcon_core.environment:create_environment_scripts_only(px4_ros_com)
[7.581s] Level 1:colcon.colcon_core.environment:checking '/home/limile/dxy_apm_ws/src/px4_ros_com/install/px4_ros_com' for CMake module files
[7.581s] Level 1:colcon.colcon_core.environment:checking '/home/limile/dxy_apm_ws/src/px4_ros_com/install/px4_ros_com' for CMake config files
[7.581s] Level 1:colcon.colcon_core.environment:checking '/home/limile/dxy_apm_ws/src/px4_ros_com/install/px4_ros_com/bin'
[7.581s] Level 1:colcon.colcon_core.environment:checking '/home/limile/dxy_apm_ws/src/px4_ros_com/install/px4_ros_com/lib/pkgconfig/px4_ros_com.pc'
[7.583s] Level 1:colcon.colcon_core.environment:checking '/home/limile/dxy_apm_ws/src/px4_ros_com/install/px4_ros_com/lib/python3.12/site-packages'
[7.583s] Level 1:colcon.colcon_core.environment:checking '/home/limile/dxy_apm_ws/src/px4_ros_com/install/px4_ros_com/bin'
[7.583s] INFO:colcon.colcon_core.shell:Creating package script '/home/limile/dxy_apm_ws/src/px4_ros_com/install/px4_ros_com/share/px4_ros_com/package.ps1'
[7.584s] INFO:colcon.colcon_core.shell:Creating package descriptor '/home/limile/dxy_apm_ws/src/px4_ros_com/install/px4_ros_com/share/px4_ros_com/package.dsv'
[7.585s] INFO:colcon.colcon_core.shell:Creating package script '/home/limile/dxy_apm_ws/src/px4_ros_com/install/px4_ros_com/share/px4_ros_com/package.sh'
[7.585s] INFO:colcon.colcon_core.shell:Creating package script '/home/limile/dxy_apm_ws/src/px4_ros_com/install/px4_ros_com/share/px4_ros_com/package.bash'
[7.586s] INFO:colcon.colcon_core.shell:Creating package script '/home/limile/dxy_apm_ws/src/px4_ros_com/install/px4_ros_com/share/px4_ros_com/package.zsh'
[7.586s] Level 1:colcon.colcon_core.environment:create_file_with_runtime_dependencies(/home/limile/dxy_apm_ws/src/px4_ros_com/install/px4_ros_com/share/colcon-core/packages/px4_ros_com)
[7.597s] DEBUG:colcon.colcon_parallel_executor.executor.parallel:run_until_complete finished
[7.597s] DEBUG:colcon.colcon_parallel_executor.executor.parallel:closing loop
[7.597s] DEBUG:colcon.colcon_parallel_executor.executor.parallel:loop closed
[7.597s] DEBUG:colcon.colcon_core.event_reactor:joining thread
[7.599s] INFO:colcon.colcon_core.plugin_system:Skipping extension 'colcon_notification.desktop_notification.notify2': 'notify2' not found
[7.599s] INFO:colcon.colcon_core.plugin_system:Skipping extension 'colcon_notification.desktop_notification.terminal_notifier': Not used on non-Darwin systems
[7.599s] INFO:colcon.colcon_core.plugin_system:Skipping extension 'colcon_notification.desktop_notification.win32': Not used on non-Windows systems
[7.599s] INFO:colcon.colcon_notification.desktop_notification:Sending desktop notification using 'notify_send'
[7.651s] DEBUG:colcon.colcon_core.event_reactor:joined thread
[7.651s] INFO:colcon.colcon_core.shell:Creating prefix script '/home/limile/dxy_apm_ws/src/px4_ros_com/install/local_setup.ps1'
[7.652s] INFO:colcon.colcon_core.shell:Creating prefix util module '/home/limile/dxy_apm_ws/src/px4_ros_com/install/_local_setup_util_ps1.py'
[7.653s] INFO:colcon.colcon_core.shell:Creating prefix chain script '/home/limile/dxy_apm_ws/src/px4_ros_com/install/setup.ps1'
[7.654s] INFO:colcon.colcon_core.shell:Creating prefix script '/home/limile/dxy_apm_ws/src/px4_ros_com/install/local_setup.sh'
[7.654s] INFO:colcon.colcon_core.shell:Creating prefix util module '/home/limile/dxy_apm_ws/src/px4_ros_com/install/_local_setup_util_sh.py'
[7.654s] INFO:colcon.colcon_core.shell:Creating prefix chain script '/home/limile/dxy_apm_ws/src/px4_ros_com/install/setup.sh'
[7.655s] INFO:colcon.colcon_core.shell:Creating prefix script '/home/limile/dxy_apm_ws/src/px4_ros_com/install/local_setup.bash'
[7.656s] INFO:colcon.colcon_core.shell:Creating prefix chain script '/home/limile/dxy_apm_ws/src/px4_ros_com/install/setup.bash'
[7.656s] INFO:colcon.colcon_core.shell:Creating prefix script '/home/limile/dxy_apm_ws/src/px4_ros_com/install/local_setup.zsh'
[7.657s] INFO:colcon.colcon_core.shell:Creating prefix chain script '/home/limile/dxy_apm_ws/src/px4_ros_com/install/setup.zsh'
