[0.142s] DEBUG:colcon:Command line arguments: ['/usr/bin/colcon', 'build', '--packages-select', 'px4_ros_com']
[0.142s] DEBUG:colcon:Parsed command line arguments: Namespace(log_base=None, log_level=None, verb_name='build', build_base='build', install_base='install', merge_install=False, symlink_install=False, test_result_base=None, continue_on_error=False, executor='parallel', parallel_workers=32, event_handlers=None, ignore_user_meta=False, metas=['./colcon.meta'], base_paths=['.'], packages_ignore=None, packages_ignore_regex=None, paths=None, packages_up_to=None, packages_up_to_regex=None, packages_above=None, packages_above_and_dependencies=None, packages_above_depth=None, packages_select_by_dep=None, packages_skip_by_dep=None, packages_skip_up_to=None, packages_select_build_failed=False, packages_skip_build_finished=False, packages_select_test_failures=False, packages_skip_test_passed=False, packages_select=['px4_ros_com'], packages_skip=None, packages_select_regex=None, packages_skip_regex=None, packages_start=None, packages_end=None, allow_overriding=[], cmake_args=None, cmake_target=None, cmake_target_skip_unavailable=False, cmake_clean_cache=False, cmake_clean_first=False, cmake_force_configure=False, ament_cmake_args=None, catkin_cmake_args=None, catkin_skip_building_tests=False, mixin_files=None, mixin=None, verb_parser=<colcon_mixin.mixin.mixin_argument.MixinArgumentDecorator object at 0x7cdff4365490>, verb_extension=<colcon_core.verb.build.BuildVerb object at 0x7cdff45a7830>, main=<bound method BuildVerb.main of <colcon_core.verb.build.BuildVerb object at 0x7cdff45a7830>>, mixin_verb=('build',))
[0.196s] Level 1:colcon.colcon_core.package_discovery:discover_packages(colcon_meta) check parameters
[0.196s] Level 1:colcon.colcon_core.package_discovery:discover_packages(recursive) check parameters
[0.196s] Level 1:colcon.colcon_core.package_discovery:discover_packages(ignore) check parameters
[0.196s] Level 1:colcon.colcon_core.package_discovery:discover_packages(path) check parameters
[0.197s] Level 1:colcon.colcon_core.package_discovery:discover_packages(colcon_meta) discover
[0.197s] Level 1:colcon.colcon_core.package_discovery:discover_packages(recursive) discover
[0.197s] INFO:colcon.colcon_core.package_discovery:Crawling recursively for packages in '/home/linhao/code/ros2/dxy_apm_ws/src/px4_ros_com/src'
[0.197s] Level 1:colcon.colcon_core.package_identification:_identify(.) by extensions ['ignore', 'ignore_ament_install']
[0.197s] Level 1:colcon.colcon_core.package_identification:_identify(.) by extension 'ignore'
[0.197s] Level 1:colcon.colcon_core.package_identification:_identify(.) by extension 'ignore_ament_install'
[0.197s] Level 1:colcon.colcon_core.package_identification:_identify(.) by extensions ['colcon_pkg']
[0.197s] Level 1:colcon.colcon_core.package_identification:_identify(.) by extension 'colcon_pkg'
[0.197s] Level 1:colcon.colcon_core.package_identification:_identify(.) by extensions ['colcon_meta']
[0.197s] Level 1:colcon.colcon_core.package_identification:_identify(.) by extension 'colcon_meta'
[0.197s] Level 1:colcon.colcon_core.package_identification:_identify(.) by extensions ['ros']
[0.197s] Level 1:colcon.colcon_core.package_identification:_identify(.) by extension 'ros'
[0.232s] Level 1:colcon.colcon_core.package_identification:_identify(.) by extensions ['cmake', 'python']
[0.232s] Level 1:colcon.colcon_core.package_identification:_identify(.) by extension 'cmake'
[0.232s] Level 1:colcon.colcon_core.package_identification:_identify(.) by extension 'python'
[0.232s] Level 1:colcon.colcon_core.package_identification:_identify(.) by extensions ['python_setup_py']
[0.232s] Level 1:colcon.colcon_core.package_identification:_identify(.) by extension 'python_setup_py'
[0.232s] Level 1:colcon.colcon_core.package_identification:_identify(build) by extensions ['ignore', 'ignore_ament_install']
[0.233s] Level 1:colcon.colcon_core.package_identification:_identify(build) by extension 'ignore'
[0.233s] Level 1:colcon.colcon_core.package_identification:_identify(build) ignored
[0.233s] Level 1:colcon.colcon_core.package_identification:_identify(graph) by extensions ['ignore', 'ignore_ament_install']
[0.233s] Level 1:colcon.colcon_core.package_identification:_identify(graph) by extension 'ignore'
[0.233s] Level 1:colcon.colcon_core.package_identification:_identify(graph) by extension 'ignore_ament_install'
[0.233s] Level 1:colcon.colcon_core.package_identification:_identify(graph) by extensions ['colcon_pkg']
[0.233s] Level 1:colcon.colcon_core.package_identification:_identify(graph) by extension 'colcon_pkg'
[0.233s] Level 1:colcon.colcon_core.package_identification:_identify(graph) by extensions ['colcon_meta']
[0.233s] Level 1:colcon.colcon_core.package_identification:_identify(graph) by extension 'colcon_meta'
[0.233s] Level 1:colcon.colcon_core.package_identification:_identify(graph) by extensions ['ros']
[0.233s] Level 1:colcon.colcon_core.package_identification:_identify(graph) by extension 'ros'
[0.233s] Level 1:colcon.colcon_core.package_identification:_identify(graph) by extensions ['cmake', 'python']
[0.233s] Level 1:colcon.colcon_core.package_identification:_identify(graph) by extension 'cmake'
[0.233s] Level 1:colcon.colcon_core.package_identification:_identify(graph) by extension 'python'
[0.233s] Level 1:colcon.colcon_core.package_identification:_identify(graph) by extensions ['python_setup_py']
[0.233s] Level 1:colcon.colcon_core.package_identification:_identify(graph) by extension 'python_setup_py'
[0.234s] Level 1:colcon.colcon_core.package_identification:_identify(install) by extensions ['ignore', 'ignore_ament_install']
[0.234s] Level 1:colcon.colcon_core.package_identification:_identify(install) by extension 'ignore'
[0.234s] Level 1:colcon.colcon_core.package_identification:_identify(install) ignored
[0.234s] Level 1:colcon.colcon_core.package_identification:_identify(lib) by extensions ['ignore', 'ignore_ament_install']
[0.234s] Level 1:colcon.colcon_core.package_identification:_identify(lib) by extension 'ignore'
[0.234s] Level 1:colcon.colcon_core.package_identification:_identify(lib) by extension 'ignore_ament_install'
[0.234s] Level 1:colcon.colcon_core.package_identification:_identify(lib) by extensions ['colcon_pkg']
[0.234s] Level 1:colcon.colcon_core.package_identification:_identify(lib) by extension 'colcon_pkg'
[0.234s] Level 1:colcon.colcon_core.package_identification:_identify(lib) by extensions ['colcon_meta']
[0.234s] Level 1:colcon.colcon_core.package_identification:_identify(lib) by extension 'colcon_meta'
[0.234s] Level 1:colcon.colcon_core.package_identification:_identify(lib) by extensions ['ros']
[0.234s] Level 1:colcon.colcon_core.package_identification:_identify(lib) by extension 'ros'
[0.234s] Level 1:colcon.colcon_core.package_identification:_identify(lib) by extensions ['cmake', 'python']
[0.234s] Level 1:colcon.colcon_core.package_identification:_identify(lib) by extension 'cmake'
[0.234s] Level 1:colcon.colcon_core.package_identification:_identify(lib) by extension 'python'
[0.234s] Level 1:colcon.colcon_core.package_identification:_identify(lib) by extensions ['python_setup_py']
[0.234s] Level 1:colcon.colcon_core.package_identification:_identify(lib) by extension 'python_setup_py'
[0.234s] Level 1:colcon.colcon_core.package_identification:_identify(listeners) by extensions ['ignore', 'ignore_ament_install']
[0.235s] Level 1:colcon.colcon_core.package_identification:_identify(listeners) by extension 'ignore'
[0.235s] Level 1:colcon.colcon_core.package_identification:_identify(listeners) by extension 'ignore_ament_install'
[0.235s] Level 1:colcon.colcon_core.package_identification:_identify(listeners) by extensions ['colcon_pkg']
[0.235s] Level 1:colcon.colcon_core.package_identification:_identify(listeners) by extension 'colcon_pkg'
[0.235s] Level 1:colcon.colcon_core.package_identification:_identify(listeners) by extensions ['colcon_meta']
[0.235s] Level 1:colcon.colcon_core.package_identification:_identify(listeners) by extension 'colcon_meta'
[0.235s] Level 1:colcon.colcon_core.package_identification:_identify(listeners) by extensions ['ros']
[0.235s] Level 1:colcon.colcon_core.package_identification:_identify(listeners) by extension 'ros'
[0.235s] Level 1:colcon.colcon_core.package_identification:_identify(listeners) by extensions ['cmake', 'python']
[0.235s] Level 1:colcon.colcon_core.package_identification:_identify(listeners) by extension 'cmake'
[0.235s] Level 1:colcon.colcon_core.package_identification:_identify(listeners) by extension 'python'
[0.235s] Level 1:colcon.colcon_core.package_identification:_identify(listeners) by extensions ['python_setup_py']
[0.235s] Level 1:colcon.colcon_core.package_identification:_identify(listeners) by extension 'python_setup_py'
[0.235s] Level 1:colcon.colcon_core.package_identification:_identify(log) by extensions ['ignore', 'ignore_ament_install']
[0.235s] Level 1:colcon.colcon_core.package_identification:_identify(log) by extension 'ignore'
[0.235s] Level 1:colcon.colcon_core.package_identification:_identify(log) ignored
[0.235s] Level 1:colcon.colcon_core.package_identification:_identify(offboard_control) by extensions ['ignore', 'ignore_ament_install']
[0.236s] Level 1:colcon.colcon_core.package_identification:_identify(offboard_control) by extension 'ignore'
[0.236s] Level 1:colcon.colcon_core.package_identification:_identify(offboard_control) by extension 'ignore_ament_install'
[0.236s] Level 1:colcon.colcon_core.package_identification:_identify(offboard_control) by extensions ['colcon_pkg']
[0.236s] Level 1:colcon.colcon_core.package_identification:_identify(offboard_control) by extension 'colcon_pkg'
[0.236s] Level 1:colcon.colcon_core.package_identification:_identify(offboard_control) by extensions ['colcon_meta']
[0.236s] Level 1:colcon.colcon_core.package_identification:_identify(offboard_control) by extension 'colcon_meta'
[0.236s] Level 1:colcon.colcon_core.package_identification:_identify(offboard_control) by extensions ['ros']
[0.236s] Level 1:colcon.colcon_core.package_identification:_identify(offboard_control) by extension 'ros'
[0.236s] Level 1:colcon.colcon_core.package_identification:_identify(offboard_control) by extensions ['cmake', 'python']
[0.236s] Level 1:colcon.colcon_core.package_identification:_identify(offboard_control) by extension 'cmake'
[0.236s] Level 1:colcon.colcon_core.package_identification:_identify(offboard_control) by extension 'python'
[0.236s] Level 1:colcon.colcon_core.package_identification:_identify(offboard_control) by extensions ['python_setup_py']
[0.236s] Level 1:colcon.colcon_core.package_identification:_identify(offboard_control) by extension 'python_setup_py'
[0.236s] Level 1:colcon.colcon_core.package_identification:_identify(offboard_control/APMROS2drone) by extensions ['ignore', 'ignore_ament_install']
[0.236s] Level 1:colcon.colcon_core.package_identification:_identify(offboard_control/APMROS2drone) by extension 'ignore'
[0.236s] Level 1:colcon.colcon_core.package_identification:_identify(offboard_control/APMROS2drone) by extension 'ignore_ament_install'
[0.236s] Level 1:colcon.colcon_core.package_identification:_identify(offboard_control/APMROS2drone) by extensions ['colcon_pkg']
[0.236s] Level 1:colcon.colcon_core.package_identification:_identify(offboard_control/APMROS2drone) by extension 'colcon_pkg'
[0.237s] Level 1:colcon.colcon_core.package_identification:_identify(offboard_control/APMROS2drone) by extensions ['colcon_meta']
[0.237s] Level 1:colcon.colcon_core.package_identification:_identify(offboard_control/APMROS2drone) by extension 'colcon_meta'
[0.237s] Level 1:colcon.colcon_core.package_identification:_identify(offboard_control/APMROS2drone) by extensions ['ros']
[0.237s] Level 1:colcon.colcon_core.package_identification:_identify(offboard_control/APMROS2drone) by extension 'ros'
[0.237s] Level 1:colcon.colcon_core.package_identification:_identify(offboard_control/APMROS2drone) by extensions ['cmake', 'python']
[0.237s] Level 1:colcon.colcon_core.package_identification:_identify(offboard_control/APMROS2drone) by extension 'cmake'
[0.237s] Level 1:colcon.colcon_core.package_identification:_identify(offboard_control/APMROS2drone) by extension 'python'
[0.237s] Level 1:colcon.colcon_core.package_identification:_identify(offboard_control/APMROS2drone) by extensions ['python_setup_py']
[0.237s] Level 1:colcon.colcon_core.package_identification:_identify(offboard_control/APMROS2drone) by extension 'python_setup_py'
[0.237s] Level 1:colcon.colcon_core.package_identification:_identify(offboard_control/APMROS2drone/state) by extensions ['ignore', 'ignore_ament_install']
[0.237s] Level 1:colcon.colcon_core.package_identification:_identify(offboard_control/APMROS2drone/state) by extension 'ignore'
[0.237s] Level 1:colcon.colcon_core.package_identification:_identify(offboard_control/APMROS2drone/state) by extension 'ignore_ament_install'
[0.237s] Level 1:colcon.colcon_core.package_identification:_identify(offboard_control/APMROS2drone/state) by extensions ['colcon_pkg']
[0.237s] Level 1:colcon.colcon_core.package_identification:_identify(offboard_control/APMROS2drone/state) by extension 'colcon_pkg'
[0.237s] Level 1:colcon.colcon_core.package_identification:_identify(offboard_control/APMROS2drone/state) by extensions ['colcon_meta']
[0.237s] Level 1:colcon.colcon_core.package_identification:_identify(offboard_control/APMROS2drone/state) by extension 'colcon_meta'
[0.237s] Level 1:colcon.colcon_core.package_identification:_identify(offboard_control/APMROS2drone/state) by extensions ['ros']
[0.237s] Level 1:colcon.colcon_core.package_identification:_identify(offboard_control/APMROS2drone/state) by extension 'ros'
[0.238s] Level 1:colcon.colcon_core.package_identification:_identify(offboard_control/APMROS2drone/state) by extensions ['cmake', 'python']
[0.238s] Level 1:colcon.colcon_core.package_identification:_identify(offboard_control/APMROS2drone/state) by extension 'cmake'
[0.238s] Level 1:colcon.colcon_core.package_identification:_identify(offboard_control/APMROS2drone/state) by extension 'python'
[0.238s] Level 1:colcon.colcon_core.package_identification:_identify(offboard_control/APMROS2drone/state) by extensions ['python_setup_py']
[0.238s] Level 1:colcon.colcon_core.package_identification:_identify(offboard_control/APMROS2drone/state) by extension 'python_setup_py'
[0.238s] Level 1:colcon.colcon_core.package_identification:_identify(offboard_control/APMROS2drone/task) by extensions ['ignore', 'ignore_ament_install']
[0.238s] Level 1:colcon.colcon_core.package_identification:_identify(offboard_control/APMROS2drone/task) by extension 'ignore'
[0.238s] Level 1:colcon.colcon_core.package_identification:_identify(offboard_control/APMROS2drone/task) by extension 'ignore_ament_install'
[0.238s] Level 1:colcon.colcon_core.package_identification:_identify(offboard_control/APMROS2drone/task) by extensions ['colcon_pkg']
[0.238s] Level 1:colcon.colcon_core.package_identification:_identify(offboard_control/APMROS2drone/task) by extension 'colcon_pkg'
[0.238s] Level 1:colcon.colcon_core.package_identification:_identify(offboard_control/APMROS2drone/task) by extensions ['colcon_meta']
[0.238s] Level 1:colcon.colcon_core.package_identification:_identify(offboard_control/APMROS2drone/task) by extension 'colcon_meta'
[0.238s] Level 1:colcon.colcon_core.package_identification:_identify(offboard_control/APMROS2drone/task) by extensions ['ros']
[0.238s] Level 1:colcon.colcon_core.package_identification:_identify(offboard_control/APMROS2drone/task) by extension 'ros'
[0.238s] Level 1:colcon.colcon_core.package_identification:_identify(offboard_control/APMROS2drone/task) by extensions ['cmake', 'python']
[0.238s] Level 1:colcon.colcon_core.package_identification:_identify(offboard_control/APMROS2drone/task) by extension 'cmake'
[0.238s] Level 1:colcon.colcon_core.package_identification:_identify(offboard_control/APMROS2drone/task) by extension 'python'
[0.238s] Level 1:colcon.colcon_core.package_identification:_identify(offboard_control/APMROS2drone/task) by extensions ['python_setup_py']
[0.238s] Level 1:colcon.colcon_core.package_identification:_identify(offboard_control/APMROS2drone/task) by extension 'python_setup_py'
[0.239s] Level 1:colcon.colcon_core.package_identification:_identify(offboard_control/ROS2drone) by extensions ['ignore', 'ignore_ament_install']
[0.239s] Level 1:colcon.colcon_core.package_identification:_identify(offboard_control/ROS2drone) by extension 'ignore'
[0.239s] Level 1:colcon.colcon_core.package_identification:_identify(offboard_control/ROS2drone) by extension 'ignore_ament_install'
[0.239s] Level 1:colcon.colcon_core.package_identification:_identify(offboard_control/ROS2drone) by extensions ['colcon_pkg']
[0.239s] Level 1:colcon.colcon_core.package_identification:_identify(offboard_control/ROS2drone) by extension 'colcon_pkg'
[0.239s] Level 1:colcon.colcon_core.package_identification:_identify(offboard_control/ROS2drone) by extensions ['colcon_meta']
[0.239s] Level 1:colcon.colcon_core.package_identification:_identify(offboard_control/ROS2drone) by extension 'colcon_meta'
[0.239s] Level 1:colcon.colcon_core.package_identification:_identify(offboard_control/ROS2drone) by extensions ['ros']
[0.239s] Level 1:colcon.colcon_core.package_identification:_identify(offboard_control/ROS2drone) by extension 'ros'
[0.239s] Level 1:colcon.colcon_core.package_identification:_identify(offboard_control/ROS2drone) by extensions ['cmake', 'python']
[0.239s] Level 1:colcon.colcon_core.package_identification:_identify(offboard_control/ROS2drone) by extension 'cmake'
[0.239s] Level 1:colcon.colcon_core.package_identification:_identify(offboard_control/ROS2drone) by extension 'python'
[0.239s] Level 1:colcon.colcon_core.package_identification:_identify(offboard_control/ROS2drone) by extensions ['python_setup_py']
[0.239s] Level 1:colcon.colcon_core.package_identification:_identify(offboard_control/ROS2drone) by extension 'python_setup_py'
[0.239s] Level 1:colcon.colcon_core.package_identification:_identify(offboard_control/algorithm) by extensions ['ignore', 'ignore_ament_install']
[0.239s] Level 1:colcon.colcon_core.package_identification:_identify(offboard_control/algorithm) by extension 'ignore'
[0.239s] Level 1:colcon.colcon_core.package_identification:_identify(offboard_control/algorithm) by extension 'ignore_ament_install'
[0.240s] Level 1:colcon.colcon_core.package_identification:_identify(offboard_control/algorithm) by extensions ['colcon_pkg']
[0.240s] Level 1:colcon.colcon_core.package_identification:_identify(offboard_control/algorithm) by extension 'colcon_pkg'
[0.240s] Level 1:colcon.colcon_core.package_identification:_identify(offboard_control/algorithm) by extensions ['colcon_meta']
[0.240s] Level 1:colcon.colcon_core.package_identification:_identify(offboard_control/algorithm) by extension 'colcon_meta'
[0.240s] Level 1:colcon.colcon_core.package_identification:_identify(offboard_control/algorithm) by extensions ['ros']
[0.240s] Level 1:colcon.colcon_core.package_identification:_identify(offboard_control/algorithm) by extension 'ros'
[0.240s] Level 1:colcon.colcon_core.package_identification:_identify(offboard_control/algorithm) by extensions ['cmake', 'python']
[0.240s] Level 1:colcon.colcon_core.package_identification:_identify(offboard_control/algorithm) by extension 'cmake'
[0.240s] Level 1:colcon.colcon_core.package_identification:_identify(offboard_control/algorithm) by extension 'python'
[0.240s] Level 1:colcon.colcon_core.package_identification:_identify(offboard_control/algorithm) by extensions ['python_setup_py']
[0.240s] Level 1:colcon.colcon_core.package_identification:_identify(offboard_control/algorithm) by extension 'python_setup_py'
[0.240s] Level 1:colcon.colcon_core.package_identification:_identify(offboard_control/algorithm/pid) by extensions ['ignore', 'ignore_ament_install']
[0.240s] Level 1:colcon.colcon_core.package_identification:_identify(offboard_control/algorithm/pid) by extension 'ignore'
[0.240s] Level 1:colcon.colcon_core.package_identification:_identify(offboard_control/algorithm/pid) by extension 'ignore_ament_install'
[0.240s] Level 1:colcon.colcon_core.package_identification:_identify(offboard_control/algorithm/pid) by extensions ['colcon_pkg']
[0.240s] Level 1:colcon.colcon_core.package_identification:_identify(offboard_control/algorithm/pid) by extension 'colcon_pkg'
[0.240s] Level 1:colcon.colcon_core.package_identification:_identify(offboard_control/algorithm/pid) by extensions ['colcon_meta']
[0.240s] Level 1:colcon.colcon_core.package_identification:_identify(offboard_control/algorithm/pid) by extension 'colcon_meta'
[0.240s] Level 1:colcon.colcon_core.package_identification:_identify(offboard_control/algorithm/pid) by extensions ['ros']
[0.240s] Level 1:colcon.colcon_core.package_identification:_identify(offboard_control/algorithm/pid) by extension 'ros'
[0.241s] Level 1:colcon.colcon_core.package_identification:_identify(offboard_control/algorithm/pid) by extensions ['cmake', 'python']
[0.241s] Level 1:colcon.colcon_core.package_identification:_identify(offboard_control/algorithm/pid) by extension 'cmake'
[0.241s] Level 1:colcon.colcon_core.package_identification:_identify(offboard_control/algorithm/pid) by extension 'python'
[0.241s] Level 1:colcon.colcon_core.package_identification:_identify(offboard_control/algorithm/pid) by extensions ['python_setup_py']
[0.241s] Level 1:colcon.colcon_core.package_identification:_identify(offboard_control/algorithm/pid) by extension 'python_setup_py'
[0.241s] Level 1:colcon.colcon_core.package_identification:_identify(offboard_control/drone) by extensions ['ignore', 'ignore_ament_install']
[0.241s] Level 1:colcon.colcon_core.package_identification:_identify(offboard_control/drone) by extension 'ignore'
[0.241s] Level 1:colcon.colcon_core.package_identification:_identify(offboard_control/drone) by extension 'ignore_ament_install'
[0.241s] Level 1:colcon.colcon_core.package_identification:_identify(offboard_control/drone) by extensions ['colcon_pkg']
[0.241s] Level 1:colcon.colcon_core.package_identification:_identify(offboard_control/drone) by extension 'colcon_pkg'
[0.241s] Level 1:colcon.colcon_core.package_identification:_identify(offboard_control/drone) by extensions ['colcon_meta']
[0.241s] Level 1:colcon.colcon_core.package_identification:_identify(offboard_control/drone) by extension 'colcon_meta'
[0.241s] Level 1:colcon.colcon_core.package_identification:_identify(offboard_control/drone) by extensions ['ros']
[0.241s] Level 1:colcon.colcon_core.package_identification:_identify(offboard_control/drone) by extension 'ros'
[0.241s] Level 1:colcon.colcon_core.package_identification:_identify(offboard_control/drone) by extensions ['cmake', 'python']
[0.241s] Level 1:colcon.colcon_core.package_identification:_identify(offboard_control/drone) by extension 'cmake'
[0.241s] Level 1:colcon.colcon_core.package_identification:_identify(offboard_control/drone) by extension 'python'
[0.241s] Level 1:colcon.colcon_core.package_identification:_identify(offboard_control/drone) by extensions ['python_setup_py']
[0.241s] Level 1:colcon.colcon_core.package_identification:_identify(offboard_control/drone) by extension 'python_setup_py'
[0.241s] Level 1:colcon.colcon_core.package_identification:_identify(offboard_control/drone/state) by extensions ['ignore', 'ignore_ament_install']
[0.242s] Level 1:colcon.colcon_core.package_identification:_identify(offboard_control/drone/state) by extension 'ignore'
[0.242s] Level 1:colcon.colcon_core.package_identification:_identify(offboard_control/drone/state) by extension 'ignore_ament_install'
[0.242s] Level 1:colcon.colcon_core.package_identification:_identify(offboard_control/drone/state) by extensions ['colcon_pkg']
[0.242s] Level 1:colcon.colcon_core.package_identification:_identify(offboard_control/drone/state) by extension 'colcon_pkg'
[0.242s] Level 1:colcon.colcon_core.package_identification:_identify(offboard_control/drone/state) by extensions ['colcon_meta']
[0.242s] Level 1:colcon.colcon_core.package_identification:_identify(offboard_control/drone/state) by extension 'colcon_meta'
[0.242s] Level 1:colcon.colcon_core.package_identification:_identify(offboard_control/drone/state) by extensions ['ros']
[0.242s] Level 1:colcon.colcon_core.package_identification:_identify(offboard_control/drone/state) by extension 'ros'
[0.242s] Level 1:colcon.colcon_core.package_identification:_identify(offboard_control/drone/state) by extensions ['cmake', 'python']
[0.242s] Level 1:colcon.colcon_core.package_identification:_identify(offboard_control/drone/state) by extension 'cmake'
[0.242s] Level 1:colcon.colcon_core.package_identification:_identify(offboard_control/drone/state) by extension 'python'
[0.242s] Level 1:colcon.colcon_core.package_identification:_identify(offboard_control/drone/state) by extensions ['python_setup_py']
[0.242s] Level 1:colcon.colcon_core.package_identification:_identify(offboard_control/drone/state) by extension 'python_setup_py'
[0.242s] Level 1:colcon.colcon_core.package_identification:_identify(offboard_control/drone/task) by extensions ['ignore', 'ignore_ament_install']
[0.242s] Level 1:colcon.colcon_core.package_identification:_identify(offboard_control/drone/task) by extension 'ignore'
[0.242s] Level 1:colcon.colcon_core.package_identification:_identify(offboard_control/drone/task) by extension 'ignore_ament_install'
[0.242s] Level 1:colcon.colcon_core.package_identification:_identify(offboard_control/drone/task) by extensions ['colcon_pkg']
[0.243s] Level 1:colcon.colcon_core.package_identification:_identify(offboard_control/drone/task) by extension 'colcon_pkg'
[0.243s] Level 1:colcon.colcon_core.package_identification:_identify(offboard_control/drone/task) by extensions ['colcon_meta']
[0.243s] Level 1:colcon.colcon_core.package_identification:_identify(offboard_control/drone/task) by extension 'colcon_meta'
[0.243s] Level 1:colcon.colcon_core.package_identification:_identify(offboard_control/drone/task) by extensions ['ros']
[0.243s] Level 1:colcon.colcon_core.package_identification:_identify(offboard_control/drone/task) by extension 'ros'
[0.243s] Level 1:colcon.colcon_core.package_identification:_identify(offboard_control/drone/task) by extensions ['cmake', 'python']
[0.243s] Level 1:colcon.colcon_core.package_identification:_identify(offboard_control/drone/task) by extension 'cmake'
[0.243s] Level 1:colcon.colcon_core.package_identification:_identify(offboard_control/drone/task) by extension 'python'
[0.243s] Level 1:colcon.colcon_core.package_identification:_identify(offboard_control/drone/task) by extensions ['python_setup_py']
[0.243s] Level 1:colcon.colcon_core.package_identification:_identify(offboard_control/drone/task) by extension 'python_setup_py'
[0.243s] Level 1:colcon.colcon_core.package_identification:_identify(offboard_control/module) by extensions ['ignore', 'ignore_ament_install']
[0.243s] Level 1:colcon.colcon_core.package_identification:_identify(offboard_control/module) by extension 'ignore'
[0.243s] Level 1:colcon.colcon_core.package_identification:_identify(offboard_control/module) by extension 'ignore_ament_install'
[0.243s] Level 1:colcon.colcon_core.package_identification:_identify(offboard_control/module) by extensions ['colcon_pkg']
[0.243s] Level 1:colcon.colcon_core.package_identification:_identify(offboard_control/module) by extension 'colcon_pkg'
[0.243s] Level 1:colcon.colcon_core.package_identification:_identify(offboard_control/module) by extensions ['colcon_meta']
[0.243s] Level 1:colcon.colcon_core.package_identification:_identify(offboard_control/module) by extension 'colcon_meta'
[0.243s] Level 1:colcon.colcon_core.package_identification:_identify(offboard_control/module) by extensions ['ros']
[0.243s] Level 1:colcon.colcon_core.package_identification:_identify(offboard_control/module) by extension 'ros'
[0.243s] Level 1:colcon.colcon_core.package_identification:_identify(offboard_control/module) by extensions ['cmake', 'python']
[0.244s] Level 1:colcon.colcon_core.package_identification:_identify(offboard_control/module) by extension 'cmake'
[0.244s] Level 1:colcon.colcon_core.package_identification:_identify(offboard_control/module) by extension 'python'
[0.244s] Level 1:colcon.colcon_core.package_identification:_identify(offboard_control/module) by extensions ['python_setup_py']
[0.244s] Level 1:colcon.colcon_core.package_identification:_identify(offboard_control/module) by extension 'python_setup_py'
[0.244s] Level 1:colcon.colcon_core.package_identification:_identify(offboard_control/stateMachine) by extensions ['ignore', 'ignore_ament_install']
[0.244s] Level 1:colcon.colcon_core.package_identification:_identify(offboard_control/stateMachine) by extension 'ignore'
[0.244s] Level 1:colcon.colcon_core.package_identification:_identify(offboard_control/stateMachine) by extension 'ignore_ament_install'
[0.244s] Level 1:colcon.colcon_core.package_identification:_identify(offboard_control/stateMachine) by extensions ['colcon_pkg']
[0.244s] Level 1:colcon.colcon_core.package_identification:_identify(offboard_control/stateMachine) by extension 'colcon_pkg'
[0.244s] Level 1:colcon.colcon_core.package_identification:_identify(offboard_control/stateMachine) by extensions ['colcon_meta']
[0.244s] Level 1:colcon.colcon_core.package_identification:_identify(offboard_control/stateMachine) by extension 'colcon_meta'
[0.244s] Level 1:colcon.colcon_core.package_identification:_identify(offboard_control/stateMachine) by extensions ['ros']
[0.244s] Level 1:colcon.colcon_core.package_identification:_identify(offboard_control/stateMachine) by extension 'ros'
[0.244s] Level 1:colcon.colcon_core.package_identification:_identify(offboard_control/stateMachine) by extensions ['cmake', 'python']
[0.244s] Level 1:colcon.colcon_core.package_identification:_identify(offboard_control/stateMachine) by extension 'cmake'
[0.244s] Level 1:colcon.colcon_core.package_identification:_identify(offboard_control/stateMachine) by extension 'python'
[0.244s] Level 1:colcon.colcon_core.package_identification:_identify(offboard_control/stateMachine) by extensions ['python_setup_py']
[0.244s] Level 1:colcon.colcon_core.package_identification:_identify(offboard_control/stateMachine) by extension 'python_setup_py'
[0.244s] Level 1:colcon.colcon_core.package_identification:_identify(offboard_control/task) by extensions ['ignore', 'ignore_ament_install']
[0.245s] Level 1:colcon.colcon_core.package_identification:_identify(offboard_control/task) by extension 'ignore'
[0.245s] Level 1:colcon.colcon_core.package_identification:_identify(offboard_control/task) by extension 'ignore_ament_install'
[0.245s] Level 1:colcon.colcon_core.package_identification:_identify(offboard_control/task) by extensions ['colcon_pkg']
[0.245s] Level 1:colcon.colcon_core.package_identification:_identify(offboard_control/task) by extension 'colcon_pkg'
[0.245s] Level 1:colcon.colcon_core.package_identification:_identify(offboard_control/task) by extensions ['colcon_meta']
[0.245s] Level 1:colcon.colcon_core.package_identification:_identify(offboard_control/task) by extension 'colcon_meta'
[0.245s] Level 1:colcon.colcon_core.package_identification:_identify(offboard_control/task) by extensions ['ros']
[0.245s] Level 1:colcon.colcon_core.package_identification:_identify(offboard_control/task) by extension 'ros'
[0.245s] Level 1:colcon.colcon_core.package_identification:_identify(offboard_control/task) by extensions ['cmake', 'python']
[0.245s] Level 1:colcon.colcon_core.package_identification:_identify(offboard_control/task) by extension 'cmake'
[0.245s] Level 1:colcon.colcon_core.package_identification:_identify(offboard_control/task) by extension 'python'
[0.245s] Level 1:colcon.colcon_core.package_identification:_identify(offboard_control/task) by extensions ['python_setup_py']
[0.245s] Level 1:colcon.colcon_core.package_identification:_identify(offboard_control/task) by extension 'python_setup_py'
[0.245s] Level 1:colcon.colcon_core.package_identification:_identify(offboard_control/utils) by extensions ['ignore', 'ignore_ament_install']
[0.245s] Level 1:colcon.colcon_core.package_identification:_identify(offboard_control/utils) by extension 'ignore'
[0.245s] Level 1:colcon.colcon_core.package_identification:_identify(offboard_control/utils) by extension 'ignore_ament_install'
[0.246s] Level 1:colcon.colcon_core.package_identification:_identify(offboard_control/utils) by extensions ['colcon_pkg']
[0.246s] Level 1:colcon.colcon_core.package_identification:_identify(offboard_control/utils) by extension 'colcon_pkg'
[0.246s] Level 1:colcon.colcon_core.package_identification:_identify(offboard_control/utils) by extensions ['colcon_meta']
[0.246s] Level 1:colcon.colcon_core.package_identification:_identify(offboard_control/utils) by extension 'colcon_meta'
[0.246s] Level 1:colcon.colcon_core.package_identification:_identify(offboard_control/utils) by extensions ['ros']
[0.246s] Level 1:colcon.colcon_core.package_identification:_identify(offboard_control/utils) by extension 'ros'
[0.246s] Level 1:colcon.colcon_core.package_identification:_identify(offboard_control/utils) by extensions ['cmake', 'python']
[0.246s] Level 1:colcon.colcon_core.package_identification:_identify(offboard_control/utils) by extension 'cmake'
[0.246s] Level 1:colcon.colcon_core.package_identification:_identify(offboard_control/utils) by extension 'python'
[0.246s] Level 1:colcon.colcon_core.package_identification:_identify(offboard_control/utils) by extensions ['python_setup_py']
[0.246s] Level 1:colcon.colcon_core.package_identification:_identify(offboard_control/utils) by extension 'python_setup_py'
[0.246s] Level 1:colcon.colcon_core.package_identification:_identify(offboard_control/waypoint) by extensions ['ignore', 'ignore_ament_install']
[0.246s] Level 1:colcon.colcon_core.package_identification:_identify(offboard_control/waypoint) by extension 'ignore'
[0.246s] Level 1:colcon.colcon_core.package_identification:_identify(offboard_control/waypoint) by extension 'ignore_ament_install'
[0.246s] Level 1:colcon.colcon_core.package_identification:_identify(offboard_control/waypoint) by extensions ['colcon_pkg']
[0.246s] Level 1:colcon.colcon_core.package_identification:_identify(offboard_control/waypoint) by extension 'colcon_pkg'
[0.246s] Level 1:colcon.colcon_core.package_identification:_identify(offboard_control/waypoint) by extensions ['colcon_meta']
[0.246s] Level 1:colcon.colcon_core.package_identification:_identify(offboard_control/waypoint) by extension 'colcon_meta'
[0.246s] Level 1:colcon.colcon_core.package_identification:_identify(offboard_control/waypoint) by extensions ['ros']
[0.246s] Level 1:colcon.colcon_core.package_identification:_identify(offboard_control/waypoint) by extension 'ros'
[0.246s] Level 1:colcon.colcon_core.package_identification:_identify(offboard_control/waypoint) by extensions ['cmake', 'python']
[0.247s] Level 1:colcon.colcon_core.package_identification:_identify(offboard_control/waypoint) by extension 'cmake'
[0.247s] Level 1:colcon.colcon_core.package_identification:_identify(offboard_control/waypoint) by extension 'python'
[0.247s] Level 1:colcon.colcon_core.package_identification:_identify(offboard_control/waypoint) by extensions ['python_setup_py']
[0.247s] Level 1:colcon.colcon_core.package_identification:_identify(offboard_control/waypoint) by extension 'python_setup_py'
[0.247s] Level 1:colcon.colcon_core.package_discovery:discover_packages(recursive) using defaults
[0.247s] Level 1:colcon.colcon_core.package_discovery:discover_packages(ignore) discover
[0.247s] Level 1:colcon.colcon_core.package_discovery:discover_packages(ignore) using defaults
[0.247s] Level 1:colcon.colcon_core.package_discovery:discover_packages(path) discover
[0.247s] Level 1:colcon.colcon_core.package_discovery:discover_packages(path) using defaults
[0.247s] WARNING:colcon.colcon_core.package_selection:ignoring unknown package 'px4_ros_com' in --packages-select
[0.270s] Level 1:colcon.colcon_core.package_discovery:discover_packages(prefix_path) check parameters
[0.270s] Level 1:colcon.colcon_core.package_discovery:discover_packages(prefix_path) discover
[0.275s] DEBUG:colcon.colcon_installed_package_information.package_discovery:Found 326 installed packages in /opt/ros/jazzy
[0.276s] Level 1:colcon.colcon_core.package_discovery:discover_packages(prefix_path) using defaults
[0.332s] INFO:colcon.colcon_core.executor:Executing jobs using 'parallel' executor
[0.333s] DEBUG:colcon.colcon_parallel_executor.executor.parallel:run_until_complete
[0.334s] DEBUG:colcon.colcon_parallel_executor.executor.parallel:closing loop
[0.334s] DEBUG:colcon.colcon_parallel_executor.executor.parallel:loop closed
[0.334s] DEBUG:colcon.colcon_parallel_executor.executor.parallel:run_until_complete finished with '0'
[0.334s] DEBUG:colcon.colcon_core.event_reactor:joining thread
[0.341s] INFO:colcon.colcon_core.plugin_system:Skipping extension 'colcon_notification.desktop_notification.terminal_notifier': Not used on non-Darwin systems
[0.341s] INFO:colcon.colcon_core.plugin_system:Skipping extension 'colcon_notification.desktop_notification.win32': Not used on non-Windows systems
[0.341s] INFO:colcon.colcon_notification.desktop_notification:Sending desktop notification using 'notify2'
[0.384s] DEBUG:colcon.colcon_core.event_reactor:joined thread
[0.386s] INFO:colcon.colcon_core.plugin_system:Skipping extension 'colcon_core.shell.bat': Not used on non-Windows systems
[0.386s] INFO:colcon.colcon_core.shell:Creating prefix script '/home/linhao/code/ros2/dxy_apm_ws/src/px4_ros_com/src/install/local_setup.ps1'
[0.387s] INFO:colcon.colcon_core.shell:Creating prefix util module '/home/linhao/code/ros2/dxy_apm_ws/src/px4_ros_com/src/install/_local_setup_util_ps1.py'
[0.389s] INFO:colcon.colcon_core.shell:Creating prefix chain script '/home/linhao/code/ros2/dxy_apm_ws/src/px4_ros_com/src/install/setup.ps1'
[0.389s] INFO:colcon.colcon_core.shell:Creating prefix script '/home/linhao/code/ros2/dxy_apm_ws/src/px4_ros_com/src/install/local_setup.sh'
[0.390s] INFO:colcon.colcon_core.shell:Creating prefix util module '/home/linhao/code/ros2/dxy_apm_ws/src/px4_ros_com/src/install/_local_setup_util_sh.py'
[0.390s] INFO:colcon.colcon_core.shell:Creating prefix chain script '/home/linhao/code/ros2/dxy_apm_ws/src/px4_ros_com/src/install/setup.sh'
[0.392s] INFO:colcon.colcon_core.shell:Creating prefix script '/home/linhao/code/ros2/dxy_apm_ws/src/px4_ros_com/src/install/local_setup.bash'
[0.392s] INFO:colcon.colcon_core.shell:Creating prefix chain script '/home/linhao/code/ros2/dxy_apm_ws/src/px4_ros_com/src/install/setup.bash'
[0.393s] INFO:colcon.colcon_core.shell:Creating prefix script '/home/linhao/code/ros2/dxy_apm_ws/src/px4_ros_com/src/install/local_setup.zsh'
[0.393s] INFO:colcon.colcon_core.shell:Creating prefix chain script '/home/linhao/code/ros2/dxy_apm_ws/src/px4_ros_com/src/install/setup.zsh'
