[0.005s] Invoking command in '/home/ak47k98/dxy_apm_ws/src/px4_ros_com/build/px4_ros_com': CMAKE_PREFIX_PATH=/opt/ros/humble:/home/ak47k98/dev_ws/install/yolov5_ros2 CONDA_PROMPT_MODIFIER=(base) /usr/bin/cmake /home/ak47k98/dxy_apm_ws/src/px4_ros_com -DCMAKE_INSTALL_PREFIX=/home/ak47k98/dxy_apm_ws/src/px4_ros_com/install/px4_ros_com
[0.083s] -- The C compiler identification is GNU 11.4.0
[0.141s] -- The CXX compiler identification is GNU 11.4.0
[0.147s] -- Detecting C compiler ABI info
[0.189s] -- Detecting C compiler ABI info - done
[0.193s] -- Check for working C compiler: /usr/bin/cc - skipped
[0.193s] -- Detecting C compile features
[0.194s] -- Detecting C compile features - done
[0.195s] -- Detecting CXX compiler ABI info
[0.242s] -- Detecting CXX compiler ABI info - done
[0.245s] -- Check for working CXX compiler: /usr/bin/c++ - skipped
[0.245s] -- Detecting CXX compile features
[0.246s] -- Detecting CXX compile features - done
[0.249s] -- Found ament_cmake: 1.3.9 (/opt/ros/humble/share/ament_cmake/cmake)
[0.451s] -- Found Python3: /home/ak47k98/anaconda3/bin/python3 (found version "3.11.7") found components: Interpreter 
[0.503s] -- Found builtin_interfaces: 1.2.1 (/opt/ros/humble/share/builtin_interfaces/cmake)
[0.524s] -- Found rosidl_generator_c: 3.1.5 (/opt/ros/humble/share/rosidl_generator_c/cmake)
[0.527s] -- Found rosidl_adapter: 3.1.5 (/opt/ros/humble/share/rosidl_adapter/cmake)
[0.532s] -- Found rosidl_generator_cpp: 3.1.5 (/opt/ros/humble/share/rosidl_generator_cpp/cmake)
[0.540s] -- Using all available rosidl_typesupport_c: rosidl_typesupport_fastrtps_c;rosidl_typesupport_introspection_c
[0.550s] -- Using all available rosidl_typesupport_cpp: rosidl_typesupport_fastrtps_cpp;rosidl_typesupport_introspection_cpp
[0.561s] -- Found eigen3_cmake_module: 0.1.1 (/opt/ros/humble/share/eigen3_cmake_module/cmake)
[0.570s] -- Found Eigen3: TRUE (found version "3.4.0") 
[0.571s] -- Found geometry_msgs: 4.2.4 (/opt/ros/humble/share/geometry_msgs/cmake)
[0.623s] -- Found nav_msgs: 4.2.4 (/opt/ros/humble/share/nav_msgs/cmake)
[0.666s] -- Found geographic_msgs: 1.0.6 (/opt/ros/humble/share/geographic_msgs/cmake)
[0.736s] -- Found mavros_msgs: 2.9.0 (/opt/ros/humble/share/mavros_msgs/cmake)
[0.875s] -- Found rclcpp: 16.0.9 (/opt/ros/humble/share/rclcpp/cmake)
[0.891s] -- Found rmw_implementation_cmake: 6.1.2 (/opt/ros/humble/share/rmw_implementation_cmake/cmake)
[0.892s] -- Found rmw_fastrtps_cpp: 6.2.6 (/opt/ros/humble/share/rmw_fastrtps_cpp/cmake)
[0.959s] -- Found OpenSSL: /usr/lib/x86_64-linux-gnu/libcrypto.so (found version "3.0.2")  
[0.975s] -- Found FastRTPS: /opt/ros/humble/include  
[1.006s] -- Using RMW implementation 'rmw_fastrtps_cpp' as default
[1.016s] -- Looking for pthread.h
[1.068s] -- Looking for pthread.h - found
[1.068s] -- Performing Test CMAKE_HAVE_LIBC_PTHREAD
[1.114s] -- Performing Test CMAKE_HAVE_LIBC_PTHREAD - Success
[1.115s] -- Found Threads: TRUE  
[1.184s] -- Found rclpy: 3.3.13 (/opt/ros/humble/share/rclpy/cmake)
[1.185s] -- Found tf2_ros: 0.25.7 (/opt/ros/humble/share/tf2_ros/cmake)
[1.357s] -- Found trajectory_msgs: 4.2.4 (/opt/ros/humble/share/trajectory_msgs/cmake)
[1.400s] -- Found vision_msgs: 4.1.1 (/opt/ros/humble/share/vision_msgs/cmake)
[1.436s] -- Found ros2_interfaces: 0.0.0 (/home/ak47k98/ardupilot_ws/install/ros2_interfaces/share/ros2_interfaces/cmake)
[1.446s] [33mCMake Warning (dev) at /usr/local/lib/cmake/opencv4/OpenCVConfig.cmake:86 (find_package):
[1.446s]   Policy CMP0074 is not set: find_package uses <PackageName>_ROOT variables.
[1.446s]   Run "cmake --help-policy CMP0074" for policy details.  Use the cmake_policy
[1.446s]   command to set the policy and suppress this warning.
[1.446s] 
[1.446s]   Environment variable CUDA_ROOT is set to:
[1.446s] 
[1.446s]     /usr/local/cuda
[1.446s] 
[1.446s]   For compatibility, CMake is ignoring the variable.
[1.446s] Call Stack (most recent call first):
[1.446s]   /usr/local/lib/cmake/opencv4/OpenCVConfig.cmake:108 (find_host_package)
[1.446s]   CMakeLists.txt:40 (find_package)
[1.446s] This warning is for project developers.  Use -Wno-dev to suppress it.
[1.446s] [0m
[1.469s] -- Found CUDA: /usr/local/cuda (found suitable exact version "12.2") 
[1.475s] -- Found OpenCV: /usr/local (found version "4.10.0") 
[1.477s] -- Found cv_bridge: 3.2.1 (/opt/ros/humble/share/cv_bridge/cmake)
[1.519s] -- Found Curses: /usr/lib/x86_64-linux-gnu/libcurses.so  
[1.528s] -- Configuring incomplete, errors occurred!
[1.528s] See also "/home/ak47k98/dxy_apm_ws/src/px4_ros_com/build/px4_ros_com/CMakeFiles/CMakeOutput.log".
[1.528s] [31mCMake Error at CMakeLists.txt:44 (find_package):
[1.528s]   By not providing "Findros2_yolo_msgs.cmake" in CMAKE_MODULE_PATH this
[1.528s]   project has asked CMake to find a package configuration file provided by
[1.528s]   "ros2_yolo_msgs", but CMake did not find one.
[1.528s] 
[1.528s]   Could not find a package configuration file provided by "ros2_yolo_msgs"
[1.528s]   with any of the following names:
[1.528s] 
[1.528s]     ros2_yolo_msgsConfig.cmake
[1.529s]     ros2_yolo_msgs-config.cmake
[1.529s] 
[1.529s]   Add the installation prefix of "ros2_yolo_msgs" to CMAKE_PREFIX_PATH or set
[1.529s]   "ros2_yolo_msgs_DIR" to a directory containing one of the above files.  If
[1.529s]   "ros2_yolo_msgs" provides a separate development package or SDK, be sure it
[1.529s]   has been installed.
[1.529s] 
[1.529s] [0m
[1.535s] Invoked command in '/home/ak47k98/dxy_apm_ws/src/px4_ros_com/build/px4_ros_com' returned '1': CMAKE_PREFIX_PATH=/opt/ros/humble:/home/ak47k98/dev_ws/install/yolov5_ros2 CONDA_PROMPT_MODIFIER=(base) /usr/bin/cmake /home/ak47k98/dxy_apm_ws/src/px4_ros_com -DCMAKE_INSTALL_PREFIX=/home/ak47k98/dxy_apm_ws/src/px4_ros_com/install/px4_ros_com
